#
# There is insufficient memory for the Java Runtime Environment to continue.
# Native memory allocation (malloc) failed to allocate 1016728 bytes. Error detail: Chunk::new
# Possible reasons:
#   The system is out of physical RAM or swap space
#   This process is running with CompressedOops enabled, and the Java Heap may be blocking the growth of the native heap
# Possible solutions:
#   Reduce memory load on the system
#   Increase physical memory or swap space
#   Check if swap backing store is full
#   Decrease Java heap size (-Xmx/-Xms)
#   Decrease number of Java threads
#   Decrease Java thread stack sizes (-Xss)
#   Set larger code cache with -XX:ReservedCodeCacheSize=
#   JVM is running with Unscaled Compressed Oops mode in which the Java heap is
#     placed in the first 4GB address space. The Java Heap base address is the
#     maximum limit for the native heap growth. Please use -XX:HeapBaseMinAddress
#     to set the Java Heap base and to place the Java Heap above 4GB virtual address.
# This output file may be truncated or incomplete.
#
#  Out of Memory Error (arena.cpp:186), pid=40024, tid=21292
#
# JRE version: OpenJDK Runtime Environment Temurin-25.0.1+8 (25.0.1+8) (build 25.0.1+8-LTS)
# Java VM: OpenJDK 64-Bit Server VM Temurin-25.0.1+8 (25.0.1+8-LTS, mixed mode, sharing, tiered, compressed oops, compressed class ptrs, g1 gc, windows-amd64)
# No core dump will be written. Minidumps are not enabled by default on client versions of Windows
#

---------------  S U M M A R Y ------------

Command Line: -Dfile.encoding=UTF-8 --module-path=D:\ITI\Labs\Course-Java\Lab5\Task1\build\classes task1.Task1

Host: 12th Gen Intel(R) Core(TM) i5-12450H, 12 cores, 7G,  Windows 11 , 64 bit Build 26100 (10.0.26100.7623)
Time: Thu Feb  5 13:13:12 2026 Egypt Standard Time elapsed time: 2118.586569 seconds (0d 0h 35m 18s)

---------------  T H R E A D  ---------------

Current thread (0x000002eefbaf8250):  JavaThread "C2 CompilerThread0" daemon [_thread_in_native, id=21292, stack(0x000000fb13d00000,0x000000fb13e00000) (1024K)]


Current CompileTask:
C2:2118587 1089   !   4       sun.awt.AppContext::get (123 bytes)

Stack: [0x000000fb13d00000,0x000000fb13e00000]
Native frames: (J=compiled Java code, j=interpreted, Vv=VM code, C=native code)
V  [jvm.dll+0x7a8379]  (no source info available)
V  [jvm.dll+0x7729fd]  (no source info available)
V  [jvm.dll+0x9f57b3]  (no source info available)
V  [jvm.dll+0x9f7da1]  (no source info available)
V  [jvm.dll+0x9f84a3]  (no source info available)
V  [jvm.dll+0x2fcd26]  (no source info available)
V  [jvm.dll+0x111086]  (no source info available)
V  [jvm.dll+0x1113ae]  (no source info available)
V  [jvm.dll+0x1a01a2]  (no source info available)
V  [jvm.dll+0x3b5e72]  (no source info available)
V  [jvm.dll+0x7adcec]  (no source info available)
V  [jvm.dll+0x2c0327]  (no source info available)
V  [jvm.dll+0x2bf2ef]  (no source info available)
V  [jvm.dll+0x237300]  (no source info available)
V  [jvm.dll+0x2cf386]  (no source info available)
V  [jvm.dll+0x2cd60a]  (no source info available)
V  [jvm.dll+0x48f64e]  (no source info available)
V  [jvm.dll+0x99630d]  (no source info available)
V  [jvm.dll+0x7a6955]  (no source info available)
C  [ucrtbase.dll+0x37b0]  (no source info available)
C  [KERNEL32.DLL+0x2e8d7]  (no source info available)
C  [ntdll.dll+0x8c53c]  (no source info available)

Lock stack of current Java thread (top to bottom):


---------------  P R O C E S S  ---------------

Threads class SMR info:
_java_thread_list=0x000002ee939e08a0, length=16, elements={
0x000002eefbadc040, 0x000002eefbadcc00, 0x000002eefbae59b0, 0x000002eefbae6570,
0x000002eefbae8ad0, 0x000002eefbae97c0, 0x000002eefbaf8250, 0x000002eefbb06ed0,
0x000002ee93099b00, 0x000002ee930ff4a0, 0x000002ee93408870, 0x000002ee93409030,
0x000002ee931c6390, 0x000002ee939bd2f0, 0x000002ee939c2bc0, 0x000002eeeb48da80
}

Java Threads: ( => current thread )
  0x000002eefbadc040 JavaThread "Reference Handler"          daemon [_thread_blocked, id=36972, stack(0x000000fb13700000,0x000000fb13800000) (1024K)]
  0x000002eefbadcc00 JavaThread "Finalizer"                  daemon [_thread_blocked, id=12284, stack(0x000000fb13800000,0x000000fb13900000) (1024K)]
  0x000002eefbae59b0 JavaThread "Signal Dispatcher"          daemon [_thread_blocked, id=22884, stack(0x000000fb13900000,0x000000fb13a00000) (1024K)]
  0x000002eefbae6570 JavaThread "Attach Listener"            daemon [_thread_blocked, id=14552, stack(0x000000fb13a00000,0x000000fb13b00000) (1024K)]
  0x000002eefbae8ad0 JavaThread "Service Thread"             daemon [_thread_blocked, id=44524, stack(0x000000fb13b00000,0x000000fb13c00000) (1024K)]
  0x000002eefbae97c0 JavaThread "Monitor Deflation Thread"   daemon [_thread_blocked, id=38984, stack(0x000000fb13c00000,0x000000fb13d00000) (1024K)]
=>0x000002eefbaf8250 JavaThread "C2 CompilerThread0"         daemon [_thread_in_native, id=21292, stack(0x000000fb13d00000,0x000000fb13e00000) (1024K)]
  0x000002eefbb06ed0 JavaThread "C1 CompilerThread0"         daemon [_thread_blocked, id=16508, stack(0x000000fb13e00000,0x000000fb13f00000) (1024K)]
  0x000002ee93099b00 JavaThread "Common-Cleaner"             daemon [_thread_blocked, id=34172, stack(0x000000fb13f00000,0x000000fb14000000) (1024K)]
  0x000002ee930ff4a0 JavaThread "Notification Thread"        daemon [_thread_blocked, id=20904, stack(0x000000fb14000000,0x000000fb14100000) (1024K)]
  0x000002ee93408870 JavaThread "Java2D Disposer"            daemon [_thread_blocked, id=25080, stack(0x000000fb14100000,0x000000fb14200000) (1024K)]
  0x000002ee93409030 JavaThread "AWT-Shutdown"                      [_thread_blocked, id=2516, stack(0x000000fb14200000,0x000000fb14300000) (1024K)]
  0x000002ee931c6390 JavaThread "AWT-Windows"                daemon [_thread_in_native, id=3328, stack(0x000000fb14300000,0x000000fb14400000) (1024K)]
  0x000002ee939bd2f0 JavaThread "Thread-0"                          [_thread_blocked, id=16136, stack(0x000000fb14400000,0x000000fb14500000) (1024K)]
  0x000002ee939c2bc0 JavaThread "AWT-EventQueue-0"                  [_thread_blocked, id=16784, stack(0x000000fb14500000,0x000000fb14600000) (1024K)]
  0x000002eeeb48da80 JavaThread "DestroyJavaVM"                     [_thread_blocked, id=45480, stack(0x000000fb12f00000,0x000000fb13000000) (1024K)]
Total: 16

Other Threads:
  0x000002eefbac9b00 VMThread "VM Thread"                           [id=12100, stack(0x000000fb13600000,0x000000fb13700000) (1024K)]
  0x000002eefb999790 WatcherThread "VM Periodic Task Thread"        [id=33772, stack(0x000000fb13500000,0x000000fb13600000) (1024K)]
  0x000002eeed874990 WorkerThread "GC Thread#0"                     [id=47148, stack(0x000000fb13000000,0x000000fb13100000) (1024K)]
  0x000002eeed88d9f0 ConcurrentGCThread "G1 Main Marker"            [id=26740, stack(0x000000fb13100000,0x000000fb13200000) (1024K)]
  0x000002eeed890b40 WorkerThread "G1 Conc#0"                       [id=11312, stack(0x000000fb13200000,0x000000fb13300000) (1024K)]
  0x000002eefb98e110 ConcurrentGCThread "G1 Refine#0"               [id=42112, stack(0x000000fb13300000,0x000000fb13400000) (1024K)]
  0x000002eefb98e9d0 ConcurrentGCThread "G1 Service"                [id=4608, stack(0x000000fb13400000,0x000000fb13500000) (1024K)]
Total: 7

Threads with active compile tasks:
C2 CompilerThread0  2118657 1089   !   4       sun.awt.AppContext::get (123 bytes)
Total: 1

VM state: not at safepoint (normal execution)

VM Mutex/Monitor currently owned by a thread: None

Heap address: 0x0000000085200000, size: 1966 MB, Compressed Oops mode: 32-bit

CDS archive(s) mapped at: [0x0000000018000000-0x0000000018dd0000-0x0000000018dd0000), size 14483456, SharedBaseAddress: 0x0000000018000000, ArchiveRelocationMode: 1.
Compressed class space mapped at: 0x0000000019000000-0x0000000059000000, reserved size: 1073741824
UseCompressedClassPointers 1, UseCompactObjectHeaders 0
Narrow klass pointer bits 32, Max shift 3
Narrow klass base: 0x0000000018000000, Narrow klass shift: 0
Encoding Range: [0x0000000018000000 - 0x0000000118000000), (4294967296 bytes)
Klass Range:    [0x0000000018010000 - 0x0000000059000000), (1090453504 bytes)
Klass ID Range:  [65536 - 1090519033) (1090453497)
Protection zone: [0x0000000018000000 - 0x0000000018010000), (65536 bytes)

GC Precious Log:
 CardTable entry size: 512
 Card Set container configuration: InlinePtr #cards 5 size 8 Array Of Cards #cards 10 size 36 Howl #buckets 4 coarsen threshold 1843 Howl Bitmap #cards 512 size 80 coarsen threshold 460 Card regions per heap region 1 cards per card region 2048
 CPUs: 12 total, 12 available
 Memory: 7860M
 Large Page Support: Disabled
 NUMA Support: Disabled
 Compressed Oops: Enabled (32-bit)
 Heap Region Size: 1M
 Heap Min Capacity: 8M
 Heap Initial Capacity: 124M
 Heap Max Capacity: 1966M
 Pre-touch: Disabled
 Parallel Workers: 10
 Concurrent Workers: 3
 Concurrent Refinement Workers: 10
 Periodic GC: Disabled

Heap:
 garbage-first heap   total reserved 2013184K, committed 129024K, used 13459K [0x0000000085200000, 0x0000000100000000)
  region size 1024K, 12 young (12288K), 0 survivors (0K)

Heap Regions: E=young(eden), S=young(survivor), O=old, HS=humongous(starts), HC=humongous(continues), CS=collection set, F=free, TAMS=top-at-mark-start, PB=parsable bottom
|   0|0x0000000085200000, 0x0000000085300000, 0x0000000085300000|100%|HS|  |TAMS 0x0000000085200000| PB 0x0000000085200000| Complete |  0
|   1|0x0000000085300000, 0x0000000085300000, 0x0000000085400000|  0%| F|  |TAMS 0x0000000085300000| PB 0x0000000085300000| Untracked |  0
|   2|0x0000000085400000, 0x0000000085400000, 0x0000000085500000|  0%| F|  |TAMS 0x0000000085400000| PB 0x0000000085400000| Untracked |  0
|   3|0x0000000085500000, 0x0000000085500000, 0x0000000085600000|  0%| F|  |TAMS 0x0000000085500000| PB 0x0000000085500000| Untracked |  0
|   4|0x0000000085600000, 0x0000000085600000, 0x0000000085700000|  0%| F|  |TAMS 0x0000000085600000| PB 0x0000000085600000| Untracked |  0
|   5|0x0000000085700000, 0x0000000085700000, 0x0000000085800000|  0%| F|  |TAMS 0x0000000085700000| PB 0x0000000085700000| Untracked |  0
|   6|0x0000000085800000, 0x0000000085800000, 0x0000000085900000|  0%| F|  |TAMS 0x0000000085800000| PB 0x0000000085800000| Untracked |  0
|   7|0x0000000085900000, 0x0000000085900000, 0x0000000085a00000|  0%| F|  |TAMS 0x0000000085900000| PB 0x0000000085900000| Untracked |  0
|   8|0x0000000085a00000, 0x0000000085a00000, 0x0000000085b00000|  0%| F|  |TAMS 0x0000000085a00000| PB 0x0000000085a00000| Untracked |  0
|   9|0x0000000085b00000, 0x0000000085b00000, 0x0000000085c00000|  0%| F|  |TAMS 0x0000000085b00000| PB 0x0000000085b00000| Untracked |  0
|  10|0x0000000085c00000, 0x0000000085c00000, 0x0000000085d00000|  0%| F|  |TAMS 0x0000000085c00000| PB 0x0000000085c00000| Untracked |  0
|  11|0x0000000085d00000, 0x0000000085d00000, 0x0000000085e00000|  0%| F|  |TAMS 0x0000000085d00000| PB 0x0000000085d00000| Untracked |  0
|  12|0x0000000085e00000, 0x0000000085e00000, 0x0000000085f00000|  0%| F|  |TAMS 0x0000000085e00000| PB 0x0000000085e00000| Untracked |  0
|  13|0x0000000085f00000, 0x0000000085f00000, 0x0000000086000000|  0%| F|  |TAMS 0x0000000085f00000| PB 0x0000000085f00000| Untracked |  0
|  14|0x0000000086000000, 0x0000000086000000, 0x0000000086100000|  0%| F|  |TAMS 0x0000000086000000| PB 0x0000000086000000| Untracked |  0
|  15|0x0000000086100000, 0x0000000086100000, 0x0000000086200000|  0%| F|  |TAMS 0x0000000086100000| PB 0x0000000086100000| Untracked |  0
|  16|0x0000000086200000, 0x0000000086200000, 0x0000000086300000|  0%| F|  |TAMS 0x0000000086200000| PB 0x0000000086200000| Untracked |  0
|  17|0x0000000086300000, 0x0000000086300000, 0x0000000086400000|  0%| F|  |TAMS 0x0000000086300000| PB 0x0000000086300000| Untracked |  0
|  18|0x0000000086400000, 0x0000000086400000, 0x0000000086500000|  0%| F|  |TAMS 0x0000000086400000| PB 0x0000000086400000| Untracked |  0
|  19|0x0000000086500000, 0x0000000086500000, 0x0000000086600000|  0%| F|  |TAMS 0x0000000086500000| PB 0x0000000086500000| Untracked |  0
|  20|0x0000000086600000, 0x0000000086600000, 0x0000000086700000|  0%| F|  |TAMS 0x0000000086600000| PB 0x0000000086600000| Untracked |  0
|  21|0x0000000086700000, 0x0000000086700000, 0x0000000086800000|  0%| F|  |TAMS 0x0000000086700000| PB 0x0000000086700000| Untracked |  0
|  22|0x0000000086800000, 0x0000000086800000, 0x0000000086900000|  0%| F|  |TAMS 0x0000000086800000| PB 0x0000000086800000| Untracked |  0
|  23|0x0000000086900000, 0x0000000086900000, 0x0000000086a00000|  0%| F|  |TAMS 0x0000000086900000| PB 0x0000000086900000| Untracked |  0
|  24|0x0000000086a00000, 0x0000000086a00000, 0x0000000086b00000|  0%| F|  |TAMS 0x0000000086a00000| PB 0x0000000086a00000| Untracked |  0
|  25|0x0000000086b00000, 0x0000000086b00000, 0x0000000086c00000|  0%| F|  |TAMS 0x0000000086b00000| PB 0x0000000086b00000| Untracked |  0
|  26|0x0000000086c00000, 0x0000000086c00000, 0x0000000086d00000|  0%| F|  |TAMS 0x0000000086c00000| PB 0x0000000086c00000| Untracked |  0
|  27|0x0000000086d00000, 0x0000000086d00000, 0x0000000086e00000|  0%| F|  |TAMS 0x0000000086d00000| PB 0x0000000086d00000| Untracked |  0
|  28|0x0000000086e00000, 0x0000000086e00000, 0x0000000086f00000|  0%| F|  |TAMS 0x0000000086e00000| PB 0x0000000086e00000| Untracked |  0
|  29|0x0000000086f00000, 0x0000000086f00000, 0x0000000087000000|  0%| F|  |TAMS 0x0000000086f00000| PB 0x0000000086f00000| Untracked |  0
|  30|0x0000000087000000, 0x0000000087000000, 0x0000000087100000|  0%| F|  |TAMS 0x0000000087000000| PB 0x0000000087000000| Untracked |  0
|  31|0x0000000087100000, 0x0000000087100000, 0x0000000087200000|  0%| F|  |TAMS 0x0000000087100000| PB 0x0000000087100000| Untracked |  0
|  32|0x0000000087200000, 0x0000000087200000, 0x0000000087300000|  0%| F|  |TAMS 0x0000000087200000| PB 0x0000000087200000| Untracked |  0
|  33|0x0000000087300000, 0x0000000087300000, 0x0000000087400000|  0%| F|  |TAMS 0x0000000087300000| PB 0x0000000087300000| Untracked |  0
|  34|0x0000000087400000, 0x0000000087400000, 0x0000000087500000|  0%| F|  |TAMS 0x0000000087400000| PB 0x0000000087400000| Untracked |  0
|  35|0x0000000087500000, 0x0000000087500000, 0x0000000087600000|  0%| F|  |TAMS 0x0000000087500000| PB 0x0000000087500000| Untracked |  0
|  36|0x0000000087600000, 0x0000000087600000, 0x0000000087700000|  0%| F|  |TAMS 0x0000000087600000| PB 0x0000000087600000| Untracked |  0
|  37|0x0000000087700000, 0x0000000087700000, 0x0000000087800000|  0%| F|  |TAMS 0x0000000087700000| PB 0x0000000087700000| Untracked |  0
|  38|0x0000000087800000, 0x0000000087800000, 0x0000000087900000|  0%| F|  |TAMS 0x0000000087800000| PB 0x0000000087800000| Untracked |  0
|  39|0x0000000087900000, 0x0000000087900000, 0x0000000087a00000|  0%| F|  |TAMS 0x0000000087900000| PB 0x0000000087900000| Untracked |  0
|  40|0x0000000087a00000, 0x0000000087a00000, 0x0000000087b00000|  0%| F|  |TAMS 0x0000000087a00000| PB 0x0000000087a00000| Untracked |  0
|  41|0x0000000087b00000, 0x0000000087b00000, 0x0000000087c00000|  0%| F|  |TAMS 0x0000000087b00000| PB 0x0000000087b00000| Untracked |  0
|  42|0x0000000087c00000, 0x0000000087c00000, 0x0000000087d00000|  0%| F|  |TAMS 0x0000000087c00000| PB 0x0000000087c00000| Untracked |  0
|  43|0x0000000087d00000, 0x0000000087d00000, 0x0000000087e00000|  0%| F|  |TAMS 0x0000000087d00000| PB 0x0000000087d00000| Untracked |  0
|  44|0x0000000087e00000, 0x0000000087e00000, 0x0000000087f00000|  0%| F|  |TAMS 0x0000000087e00000| PB 0x0000000087e00000| Untracked |  0
|  45|0x0000000087f00000, 0x0000000087f00000, 0x0000000088000000|  0%| F|  |TAMS 0x0000000087f00000| PB 0x0000000087f00000| Untracked |  0
|  46|0x0000000088000000, 0x0000000088000000, 0x0000000088100000|  0%| F|  |TAMS 0x0000000088000000| PB 0x0000000088000000| Untracked |  0
|  47|0x0000000088100000, 0x0000000088100000, 0x0000000088200000|  0%| F|  |TAMS 0x0000000088100000| PB 0x0000000088100000| Untracked |  0
|  48|0x0000000088200000, 0x0000000088200000, 0x0000000088300000|  0%| F|  |TAMS 0x0000000088200000| PB 0x0000000088200000| Untracked |  0
|  49|0x0000000088300000, 0x0000000088300000, 0x0000000088400000|  0%| F|  |TAMS 0x0000000088300000| PB 0x0000000088300000| Untracked |  0
|  50|0x0000000088400000, 0x0000000088400000, 0x0000000088500000|  0%| F|  |TAMS 0x0000000088400000| PB 0x0000000088400000| Untracked |  0
|  51|0x0000000088500000, 0x0000000088500000, 0x0000000088600000|  0%| F|  |TAMS 0x0000000088500000| PB 0x0000000088500000| Untracked |  0
|  52|0x0000000088600000, 0x0000000088600000, 0x0000000088700000|  0%| F|  |TAMS 0x0000000088600000| PB 0x0000000088600000| Untracked |  0
|  53|0x0000000088700000, 0x0000000088700000, 0x0000000088800000|  0%| F|  |TAMS 0x0000000088700000| PB 0x0000000088700000| Untracked |  0
|  54|0x0000000088800000, 0x0000000088800000, 0x0000000088900000|  0%| F|  |TAMS 0x0000000088800000| PB 0x0000000088800000| Untracked |  0
|  55|0x0000000088900000, 0x0000000088900000, 0x0000000088a00000|  0%| F|  |TAMS 0x0000000088900000| PB 0x0000000088900000| Untracked |  0
|  56|0x0000000088a00000, 0x0000000088a00000, 0x0000000088b00000|  0%| F|  |TAMS 0x0000000088a00000| PB 0x0000000088a00000| Untracked |  0
|  57|0x0000000088b00000, 0x0000000088b00000, 0x0000000088c00000|  0%| F|  |TAMS 0x0000000088b00000| PB 0x0000000088b00000| Untracked |  0
|  58|0x0000000088c00000, 0x0000000088c00000, 0x0000000088d00000|  0%| F|  |TAMS 0x0000000088c00000| PB 0x0000000088c00000| Untracked |  0
|  59|0x0000000088d00000, 0x0000000088d00000, 0x0000000088e00000|  0%| F|  |TAMS 0x0000000088d00000| PB 0x0000000088d00000| Untracked |  0
|  60|0x0000000088e00000, 0x0000000088e00000, 0x0000000088f00000|  0%| F|  |TAMS 0x0000000088e00000| PB 0x0000000088e00000| Untracked |  0
|  61|0x0000000088f00000, 0x0000000088f00000, 0x0000000089000000|  0%| F|  |TAMS 0x0000000088f00000| PB 0x0000000088f00000| Untracked |  0
|  62|0x0000000089000000, 0x0000000089000000, 0x0000000089100000|  0%| F|  |TAMS 0x0000000089000000| PB 0x0000000089000000| Untracked |  0
|  63|0x0000000089100000, 0x0000000089100000, 0x0000000089200000|  0%| F|  |TAMS 0x0000000089100000| PB 0x0000000089100000| Untracked |  0
|  64|0x0000000089200000, 0x0000000089200000, 0x0000000089300000|  0%| F|  |TAMS 0x0000000089200000| PB 0x0000000089200000| Untracked |  0
|  65|0x0000000089300000, 0x0000000089300000, 0x0000000089400000|  0%| F|  |TAMS 0x0000000089300000| PB 0x0000000089300000| Untracked |  0
|  66|0x0000000089400000, 0x0000000089400000, 0x0000000089500000|  0%| F|  |TAMS 0x0000000089400000| PB 0x0000000089400000| Untracked |  0
|  67|0x0000000089500000, 0x0000000089500000, 0x0000000089600000|  0%| F|  |TAMS 0x0000000089500000| PB 0x0000000089500000| Untracked |  0
|  68|0x0000000089600000, 0x0000000089600000, 0x0000000089700000|  0%| F|  |TAMS 0x0000000089600000| PB 0x0000000089600000| Untracked |  0
|  69|0x0000000089700000, 0x0000000089700000, 0x0000000089800000|  0%| F|  |TAMS 0x0000000089700000| PB 0x0000000089700000| Untracked |  0
|  70|0x0000000089800000, 0x0000000089800000, 0x0000000089900000|  0%| F|  |TAMS 0x0000000089800000| PB 0x0000000089800000| Untracked |  0
|  71|0x0000000089900000, 0x0000000089900000, 0x0000000089a00000|  0%| F|  |TAMS 0x0000000089900000| PB 0x0000000089900000| Untracked |  0
|  72|0x0000000089a00000, 0x0000000089a00000, 0x0000000089b00000|  0%| F|  |TAMS 0x0000000089a00000| PB 0x0000000089a00000| Untracked |  0
|  73|0x0000000089b00000, 0x0000000089b00000, 0x0000000089c00000|  0%| F|  |TAMS 0x0000000089b00000| PB 0x0000000089b00000| Untracked |  0
|  74|0x0000000089c00000, 0x0000000089c00000, 0x0000000089d00000|  0%| F|  |TAMS 0x0000000089c00000| PB 0x0000000089c00000| Untracked |  0
|  75|0x0000000089d00000, 0x0000000089d00000, 0x0000000089e00000|  0%| F|  |TAMS 0x0000000089d00000| PB 0x0000000089d00000| Untracked |  0
|  76|0x0000000089e00000, 0x0000000089e00000, 0x0000000089f00000|  0%| F|  |TAMS 0x0000000089e00000| PB 0x0000000089e00000| Untracked |  0
|  77|0x0000000089f00000, 0x0000000089f00000, 0x000000008a000000|  0%| F|  |TAMS 0x0000000089f00000| PB 0x0000000089f00000| Untracked |  0
|  78|0x000000008a000000, 0x000000008a000000, 0x000000008a100000|  0%| F|  |TAMS 0x000000008a000000| PB 0x000000008a000000| Untracked |  0
|  79|0x000000008a100000, 0x000000008a100000, 0x000000008a200000|  0%| F|  |TAMS 0x000000008a100000| PB 0x000000008a100000| Untracked |  0
|  80|0x000000008a200000, 0x000000008a200000, 0x000000008a300000|  0%| F|  |TAMS 0x000000008a200000| PB 0x000000008a200000| Untracked |  0
|  81|0x000000008a300000, 0x000000008a300000, 0x000000008a400000|  0%| F|  |TAMS 0x000000008a300000| PB 0x000000008a300000| Untracked |  0
|  82|0x000000008a400000, 0x000000008a400000, 0x000000008a500000|  0%| F|  |TAMS 0x000000008a400000| PB 0x000000008a400000| Untracked |  0
|  83|0x000000008a500000, 0x000000008a500000, 0x000000008a600000|  0%| F|  |TAMS 0x000000008a500000| PB 0x000000008a500000| Untracked |  0
|  84|0x000000008a600000, 0x000000008a600000, 0x000000008a700000|  0%| F|  |TAMS 0x000000008a600000| PB 0x000000008a600000| Untracked |  0
|  85|0x000000008a700000, 0x000000008a700000, 0x000000008a800000|  0%| F|  |TAMS 0x000000008a700000| PB 0x000000008a700000| Untracked |  0
|  86|0x000000008a800000, 0x000000008a800000, 0x000000008a900000|  0%| F|  |TAMS 0x000000008a800000| PB 0x000000008a800000| Untracked |  0
|  87|0x000000008a900000, 0x000000008a900000, 0x000000008aa00000|  0%| F|  |TAMS 0x000000008a900000| PB 0x000000008a900000| Untracked |  0
|  88|0x000000008aa00000, 0x000000008aa00000, 0x000000008ab00000|  0%| F|  |TAMS 0x000000008aa00000| PB 0x000000008aa00000| Untracked |  0
|  89|0x000000008ab00000, 0x000000008ab00000, 0x000000008ac00000|  0%| F|  |TAMS 0x000000008ab00000| PB 0x000000008ab00000| Untracked |  0
|  90|0x000000008ac00000, 0x000000008ac00000, 0x000000008ad00000|  0%| F|  |TAMS 0x000000008ac00000| PB 0x000000008ac00000| Untracked |  0
|  91|0x000000008ad00000, 0x000000008ad00000, 0x000000008ae00000|  0%| F|  |TAMS 0x000000008ad00000| PB 0x000000008ad00000| Untracked |  0
|  92|0x000000008ae00000, 0x000000008ae00000, 0x000000008af00000|  0%| F|  |TAMS 0x000000008ae00000| PB 0x000000008ae00000| Untracked |  0
|  93|0x000000008af00000, 0x000000008af00000, 0x000000008b000000|  0%| F|  |TAMS 0x000000008af00000| PB 0x000000008af00000| Untracked |  0
|  94|0x000000008b000000, 0x000000008b000000, 0x000000008b100000|  0%| F|  |TAMS 0x000000008b000000| PB 0x000000008b000000| Untracked |  0
|  95|0x000000008b100000, 0x000000008b100000, 0x000000008b200000|  0%| F|  |TAMS 0x000000008b100000| PB 0x000000008b100000| Untracked |  0
|  96|0x000000008b200000, 0x000000008b200000, 0x000000008b300000|  0%| F|  |TAMS 0x000000008b200000| PB 0x000000008b200000| Untracked |  0
|  97|0x000000008b300000, 0x000000008b300000, 0x000000008b400000|  0%| F|  |TAMS 0x000000008b300000| PB 0x000000008b300000| Untracked |  0
|  98|0x000000008b400000, 0x000000008b400000, 0x000000008b500000|  0%| F|  |TAMS 0x000000008b400000| PB 0x000000008b400000| Untracked |  0
|  99|0x000000008b500000, 0x000000008b500000, 0x000000008b600000|  0%| F|  |TAMS 0x000000008b500000| PB 0x000000008b500000| Untracked |  0
| 100|0x000000008b600000, 0x000000008b600000, 0x000000008b700000|  0%| F|  |TAMS 0x000000008b600000| PB 0x000000008b600000| Untracked |  0
| 101|0x000000008b700000, 0x000000008b700000, 0x000000008b800000|  0%| F|  |TAMS 0x000000008b700000| PB 0x000000008b700000| Untracked |  0
| 102|0x000000008b800000, 0x000000008b800000, 0x000000008b900000|  0%| F|  |TAMS 0x000000008b800000| PB 0x000000008b800000| Untracked |  0
| 103|0x000000008b900000, 0x000000008b900000, 0x000000008ba00000|  0%| F|  |TAMS 0x000000008b900000| PB 0x000000008b900000| Untracked |  0
| 104|0x000000008ba00000, 0x000000008ba00000, 0x000000008bb00000|  0%| F|  |TAMS 0x000000008ba00000| PB 0x000000008ba00000| Untracked |  0
| 105|0x000000008bb00000, 0x000000008bb00000, 0x000000008bc00000|  0%| F|  |TAMS 0x000000008bb00000| PB 0x000000008bb00000| Untracked |  0
| 106|0x000000008bc00000, 0x000000008bc00000, 0x000000008bd00000|  0%| F|  |TAMS 0x000000008bc00000| PB 0x000000008bc00000| Untracked |  0
| 107|0x000000008bd00000, 0x000000008bd00000, 0x000000008be00000|  0%| F|  |TAMS 0x000000008bd00000| PB 0x000000008bd00000| Untracked |  0
| 108|0x000000008be00000, 0x000000008be00000, 0x000000008bf00000|  0%| F|  |TAMS 0x000000008be00000| PB 0x000000008be00000| Untracked |  0
| 109|0x000000008bf00000, 0x000000008bf00000, 0x000000008c000000|  0%| F|  |TAMS 0x000000008bf00000| PB 0x000000008bf00000| Untracked |  0
| 110|0x000000008c000000, 0x000000008c000000, 0x000000008c100000|  0%| F|  |TAMS 0x000000008c000000| PB 0x000000008c000000| Untracked |  0
| 111|0x000000008c100000, 0x000000008c100000, 0x000000008c200000|  0%| F|  |TAMS 0x000000008c100000| PB 0x000000008c100000| Untracked |  0
| 112|0x000000008c200000, 0x000000008c300000, 0x000000008c300000|100%| E|  |TAMS 0x000000008c200000| PB 0x000000008c200000| Complete |  0
| 113|0x000000008c300000, 0x000000008c400000, 0x000000008c400000|100%| E|CS|TAMS 0x000000008c300000| PB 0x000000008c300000| Complete |  0
| 114|0x000000008c400000, 0x000000008c500000, 0x000000008c500000|100%| E|CS|TAMS 0x000000008c400000| PB 0x000000008c400000| Complete |  0
| 115|0x000000008c500000, 0x000000008c600000, 0x000000008c600000|100%| E|CS|TAMS 0x000000008c500000| PB 0x000000008c500000| Complete |  0
| 116|0x000000008c600000, 0x000000008c700000, 0x000000008c700000|100%| E|CS|TAMS 0x000000008c600000| PB 0x000000008c600000| Complete |  0
| 117|0x000000008c700000, 0x000000008c800000, 0x000000008c800000|100%| E|CS|TAMS 0x000000008c700000| PB 0x000000008c700000| Complete |  0
| 118|0x000000008c800000, 0x000000008c900000, 0x000000008c900000|100%| E|CS|TAMS 0x000000008c800000| PB 0x000000008c800000| Complete |  0
| 119|0x000000008c900000, 0x000000008ca00000, 0x000000008ca00000|100%| E|CS|TAMS 0x000000008c900000| PB 0x000000008c900000| Complete |  0
| 120|0x000000008ca00000, 0x000000008cb00000, 0x000000008cb00000|100%| E|CS|TAMS 0x000000008ca00000| PB 0x000000008ca00000| Complete |  0
| 121|0x000000008cb00000, 0x000000008cc00000, 0x000000008cc00000|100%| E|CS|TAMS 0x000000008cb00000| PB 0x000000008cb00000| Complete |  0
| 122|0x000000008cc00000, 0x000000008cd00000, 0x000000008cd00000|100%| E|CS|TAMS 0x000000008cc00000| PB 0x000000008cc00000| Complete |  0
| 123|0x000000008cd00000, 0x000000008ce00000, 0x000000008ce00000|100%| E|CS|TAMS 0x000000008cd00000| PB 0x000000008cd00000| Complete |  0
|1964|0x00000000ffe00000, 0x00000000fff00000, 0x00000000fff00000|100%| O|  |TAMS 0x00000000ffe00000| PB 0x00000000ffe00000| Untracked |  0
|1965|0x00000000fff00000, 0x00000000fff24ea8, 0x0000000100000000| 14%| O|  |TAMS 0x00000000fff00000| PB 0x00000000fff00000| Untracked |  0

Card table byte_map: [0x000002eef6c40000,0x000002eef7020000] _byte_map_base: 0x000002eef6817000

Marking Bits: (CMBitMap*) 0x000002eeed875120
 Bits: [0x000002eef7020000, 0x000002eef8ed8000)

Polling page: 0x000002eeeb660000

Metaspace:
Metaspace        used 6851K, committed 6976K, reserved 1114112K
 class space     used 539K, committed 576K, reserved 1048576K

Usage:
  Non-class:      6.16 MB used.
      Class:    539.04 KB used.
       Both:      6.69 MB used.

Virtual space:
  Non-class space:       64.00 MB reserved,       6.25 MB ( 10%) committed,  1 nodes.
      Class space:        1.00 GB reserved,     576.00 KB ( <1%) committed,  1 nodes.
             Both:        1.06 GB reserved,       6.81 MB ( <1%) committed. 

Chunk freelists:
   Non-Class:  9.00 MB
       Class:  15.25 MB
        Both:  24.25 MB

MaxMetaspaceSize: unlimited
CompressedClassSpaceSize: 1.00 GB
Initial GC threshold: 21.00 MB
Current GC threshold: 21.00 MB
CDS: on
 - commit_granule_bytes: 65536.
 - commit_granule_words: 8192.
 - virtual_space_node_default_size: 8388608.
 - enlarge_chunks_in_place: 1.
UseCompressedClassPointers 1, UseCompactObjectHeaders 0
Narrow klass pointer bits 32, Max shift 3
Narrow klass base: 0x0000000018000000, Narrow klass shift: 0
Encoding Range: [0x0000000018000000 - 0x0000000118000000), (4294967296 bytes)
Klass Range:    [0x0000000018010000 - 0x0000000059000000), (1090453504 bytes)
Klass ID Range:  [65536 - 1090519033) (1090453497)
Protection zone: [0x0000000018000000 - 0x0000000018010000), (65536 bytes)


Internal statistics:

num_allocs_failed_limit: 0.
num_arena_births: 76.
num_arena_deaths: 0.
num_vsnodes_births: 2.
num_vsnodes_deaths: 0.
num_space_committed: 109.
num_space_uncommitted: 0.
num_chunks_returned_to_freelist: 0.
num_chunks_taken_from_freelist: 95.
num_chunk_merges: 0.
num_chunk_splits: 59.
num_chunks_enlarged: 33.
num_inconsistent_stats: 0.

CodeHeap 'non-profiled nmethods': size=120064Kb used=246Kb max_used=246Kb free=119817Kb
 bounds [0x000002ee87ac0000, 0x000002ee87d30000, 0x000002ee8f000000]
CodeHeap 'profiled nmethods': size=120000Kb used=1468Kb max_used=1468Kb free=118531Kb
 bounds [0x000002ee80000000, 0x000002ee80270000, 0x000002ee87530000]
CodeHeap 'non-nmethods': size=5696Kb used=1498Kb max_used=1505Kb free=4197Kb
 bounds [0x000002ee87530000, 0x000002ee877a0000, 0x000002ee87ac0000]
CodeCache: size=245760Kb, used=3212Kb, max_used=3219Kb, free=242545Kb
 total_blobs=1713, nmethods=1088, adapters=528, full_count=0
Compilation: enabled, stopped_count=0, restarted_count=0

Compilation events (20 events):
Event: 238.033 Thread 0x000002eefbb06ed0 nmethod 1078 0x000002ee8016c008 code [0x000002ee8016c100, 0x000002ee8016c730]
Event: 238.033 Thread 0x000002eefbb06ed0 1079       3       javax.swing.RepaintManager::addDirtyRegion (37 bytes)
Event: 238.034 Thread 0x000002eefbb06ed0 nmethod 1079 0x000002ee8016c788 code [0x000002ee8016c880, 0x000002ee8016cb88]
Event: 240.032 Thread 0x000002eefbb06ed0 1080       3       java.awt.Component::repaint (16 bytes)
Event: 240.033 Thread 0x000002eefbb06ed0 nmethod 1080 0x000002ee8016cc08 code [0x000002ee8016cd00, 0x000002ee8016cee8]
Event: 256.046 Thread 0x000002eefbb06ed0 1081       3       java.lang.Thread::sleep (29 bytes)
Event: 256.061 Thread 0x000002eefbb06ed0 nmethod 1081 0x000002ee8016cf08 code [0x000002ee8016d000, 0x000002ee8016d2e0]
Event: 256.062 Thread 0x000002eefbb06ed0 1082       3       java.util.concurrent.TimeUnit::toNanos (45 bytes)
Event: 256.063 Thread 0x000002eefbb06ed0 nmethod 1082 0x000002ee8016d308 code [0x000002ee8016d400, 0x000002ee8016d638]
Event: 256.063 Thread 0x000002eefbb06ed0 1083   !   3       java.lang.Thread::sleepNanos (53 bytes)
Event: 256.068 Thread 0x000002eefbb06ed0 nmethod 1083 0x000002ee8016d688 code [0x000002ee8016d780, 0x000002ee8016df50]
Event: 256.068 Thread 0x000002eefbb06ed0 1084   !   3       java.lang.Thread::beforeSleep (32 bytes)
Event: 256.068 Thread 0x000002eefbb06ed0 nmethod 1084 0x000002ee8016df88 code [0x000002ee8016e080, 0x000002ee8016e408]
Event: 256.068 Thread 0x000002eefbb06ed0 1085       3       jdk.internal.event.ThreadSleepEvent::<init> (5 bytes)
Event: 256.071 Thread 0x000002eefbb06ed0 nmethod 1085 0x000002ee8016e488 code [0x000002ee8016e580, 0x000002ee8016e740]
Event: 256.071 Thread 0x000002eefbb06ed0 1086       3       jdk.internal.event.Event::<init> (5 bytes)
Event: 256.071 Thread 0x000002eefbb06ed0 nmethod 1086 0x000002ee8016e788 code [0x000002ee8016e880, 0x000002ee8016e9e0]
Event: 365.123 Thread 0x000002eefbb06ed0 1087  s    3       javax.swing.RepaintManager::extendDirtyRegion (36 bytes)
Event: 365.149 Thread 0x000002eefbb06ed0 nmethod 1087 0x000002ee8016ea88 code [0x000002ee8016eb80, 0x000002ee8016f090]
Event: 2114.536 Thread 0x000002eefbaf8250 1089   !   4       sun.awt.AppContext::get (123 bytes)

GC Heap Usage History (0 events):
No events

Metaspace Usage History (0 events):
No events

Dll operation events (8 events):
Event: 0.031 Loaded shared library C:\Program Files\Apache NetBeans\jdk\bin\java.dll
Event: 0.158 Loaded shared library C:\Program Files\Apache NetBeans\jdk\bin\net.dll
Event: 0.164 Loaded shared library C:\Program Files\Apache NetBeans\jdk\bin\nio.dll
Event: 0.219 Loaded shared library C:\Program Files\Apache NetBeans\jdk\bin\jimage.dll
Event: 0.243 Loaded shared library C:\Program Files\Apache NetBeans\jdk\bin\awt.dll
Event: 0.671 Loaded shared library C:\Program Files\Apache NetBeans\jdk\bin\freetype.dll
Event: 0.673 Loaded shared library C:\Program Files\Apache NetBeans\jdk\bin\fontmanager.dll
Event: 0.841 Loaded shared library C:\Program Files\Apache NetBeans\jdk\bin\zip.dll

Deoptimization events (8 events):
Event: 0.516 Thread 0x000002eeeb48da80 Uncommon trap: trap_request=0xffffff45 fr.pc=0x000002ee87acf6b0 relative=0x0000000000000730
Event: 0.516 Thread 0x000002eeeb48da80 Uncommon trap: reason=unstable_if action=reinterpret pc=0x000002ee87acf6b0 method=java.util.HashMap.putVal(ILjava/lang/Object;Ljava/lang/Object;ZZ)Ljava/lang/Object; @ 236 c2
Event: 0.516 Thread 0x000002eeeb48da80 DEOPT PACKING pc=0x000002ee87acf6b0 sp=0x000000fb12ffe040
Event: 0.516 Thread 0x000002eeeb48da80 DEOPT UNPACKING pc=0x000002ee87653282 sp=0x000000fb12ffdfc8 mode 2
Event: 0.873 Thread 0x000002ee939c2bc0 Uncommon trap: trap_request=0xffffff45 fr.pc=0x000002ee87aed654 relative=0x00000000000000d4
Event: 0.873 Thread 0x000002ee939c2bc0 Uncommon trap: reason=unstable_if action=reinterpret pc=0x000002ee87aed654 method=java.lang.String.getBytes([BIB)V @ 5 c2
Event: 0.873 Thread 0x000002ee939c2bc0 DEOPT PACKING pc=0x000002ee87aed654 sp=0x000000fb145fdc00
Event: 0.873 Thread 0x000002ee939c2bc0 DEOPT UNPACKING pc=0x000002ee87653282 sp=0x000000fb145fdba8 mode 2

Classes loaded (20 events):
Event: 0.952 Loading class java/util/concurrent/locks/AbstractQueuedSynchronizer$Node done
Event: 0.952 Loading class java/util/concurrent/locks/AbstractQueuedSynchronizer$ExclusiveNode done
Event: 0.952 Loading class java/util/concurrent/locks/AbstractQueuedSynchronizer$ConditionNode
Event: 0.952 Loading class java/util/concurrent/ForkJoinPool$ManagedBlocker
Event: 0.953 Loading class java/util/concurrent/ForkJoinPool$ManagedBlocker done
Event: 0.953 Loading class java/util/concurrent/locks/AbstractQueuedSynchronizer$ConditionNode done
Event: 1.609 Loading class java/applet/Applet
Event: 1.610 Loading class java/awt/Panel
Event: 1.610 Loading class java/awt/Panel done
Event: 1.610 Loading class java/applet/Applet done
Event: 1.831 Loading class java/awt/event/MouseEvent$1
Event: 1.831 Loading class sun/awt/AWTAccessor$MouseEventAccessor
Event: 1.831 Loading class sun/awt/AWTAccessor$MouseEventAccessor done
Event: 1.831 Loading class java/awt/event/MouseEvent$1 done
Event: 1.843 Loading class java/awt/Cursor$CursorDisposer
Event: 1.843 Loading class java/awt/Cursor$CursorDisposer done
Event: 1.844 Loading class java/awt/event/MouseWheelEvent
Event: 1.844 Loading class java/awt/event/MouseWheelEvent done
Event: 6.206 Loading class sun/awt/SunToolkit$1
Event: 6.206 Loading class sun/awt/SunToolkit$1 done

Classes unloaded (0 events):
No events

Classes redefined (0 events):
No events

Internal exceptions (20 events):
Event: 0.254 Thread 0x000002eeeb48da80 Exception <a 'java/io/FileNotFoundException'{0x000000008ca28908}> (0x000000008ca28908) 
thrown [s\src\hotspot\share\prims\jni.cpp, line 516]
Event: 0.359 Thread 0x000002eeeb48da80 Exception <a 'java/lang/NoSuchMethodError'{0x000000008ca53d58}: 'java.lang.Object java.lang.invoke.DirectMethodHandle$Holder.invokeStaticInit(java.lang.Object)'> (0x000000008ca53d58) 
thrown [s\src\hotspot\share\interpreter\linkResolver.cpp, line 804]
Event: 0.478 Thread 0x000002eeeb48da80 Exception <a 'java/lang/NoSuchMethodError'{0x000000008c906be8}: 'long java.lang.invoke.DirectMethodHandle$Holder.invokeStatic(java.lang.Object, java.lang.Object)'> (0x000000008c906be8) 
thrown [s\src\hotspot\share\interpreter\linkResolver.cpp, line 804]
Event: 0.479 Thread 0x000002eeeb48da80 Exception <a 'java/lang/NoSuchMethodError'{0x000000008c90ec40}: 'long java.lang.invoke.DirectMethodHandle$Holder.invokeStaticInit(java.lang.Object, java.lang.Object)'> (0x000000008c90ec40) 
thrown [s\src\hotspot\share\interpreter\linkResolver.cpp, line 804]
Event: 0.481 Thread 0x000002eeeb48da80 Exception <a 'java/lang/NoSuchMethodError'{0x000000008c9174f0}: 'java.lang.Object java.lang.invoke.DirectMethodHandle$Holder.invokeStatic(java.lang.Object, long, java.lang.Object)'> (0x000000008c9174f0) 
thrown [s\src\hotspot\share\interpreter\linkResolver.cpp, line 804]
Event: 0.481 Thread 0x000002eeeb48da80 Exception <a 'java/lang/NoSuchMethodError'{0x000000008c91f640}: 'java.lang.Object java.lang.invoke.DirectMethodHandle$Holder.invokeStaticInit(java.lang.Object, long, java.lang.Object)'> (0x000000008c91f640) 
thrown [s\src\hotspot\share\interpreter\linkResolver.cpp, line 804]
Event: 0.482 Thread 0x000002eeeb48da80 Exception <a 'java/lang/NoSuchMethodError'{0x000000008c927e50}: 'java.lang.Object java.lang.invoke.DirectMethodHandle$Holder.invokeStaticInit(java.lang.Object, long)'> (0x000000008c927e50) 
thrown [s\src\hotspot\share\interpreter\linkResolver.cpp, line 804]
Event: 0.519 Thread 0x000002eeeb48da80 Exception <a 'java/lang/NoSuchMethodError'{0x000000008c956278}: 'void java.lang.invoke.DirectMethodHandle$Holder.invokeSpecial(java.lang.Object, java.lang.Object, java.lang.Object)'> (0x000000008c956278) 
thrown [s\src\hotspot\share\interpreter\linkResolver.cpp, line 804]
Event: 0.534 Thread 0x000002eeeb48da80 Exception <a 'java/lang/NoSuchMethodError'{0x000000008c9c56f0}: 'java.lang.Object java.lang.invoke.DirectMethodHandle$Holder.newInvokeSpecial(java.lang.Object, java.lang.Object, java.lang.Object, java.lang.Object, java.lang.Object)'> (0x000000008c9c56f0) 
thrown [s\src\hotspot\share\interpreter\linkResolver.cpp, line 804]
Event: 0.540 Thread 0x000002eeeb48da80 Exception <a 'java/lang/NoSuchMethodError'{0x000000008c82e5a8}: 'java.lang.Object java.lang.invoke.DirectMethodHandle$Holder.invokeStatic(java.lang.Object, int, java.lang.Object)'> (0x000000008c82e5a8) 
thrown [s\src\hotspot\share\interpreter\linkResolver.cpp, line 804]
Event: 0.575 Thread 0x000002eeeb48da80 Exception <a 'java/lang/ClassNotFoundException'{0x000000008c65a7d8}: com/sun/swing/internal/plaf/metal/resources/spi/metalProvider> (0x000000008c65a7d8) 
thrown [s\src\hotspot\share\classfile\systemDictionary.cpp, line 327]
Event: 0.576 Thread 0x000002eeeb48da80 Exception <a 'java/lang/ClassNotFoundException'{0x000000008c65e1f8}: com/sun/swing/internal/plaf/basic/resources/spi/basicProvider> (0x000000008c65e1f8) 
thrown [s\src\hotspot\share\classfile\systemDictionary.cpp, line 327]
Event: 0.592 Thread 0x000002eeeb48da80 Exception <a 'java/lang/NoSuchMethodError'{0x000000008c68c198}: 'int java.lang.invoke.Invokers$Holder.invokeExact_MT(java.lang.Object, java.lang.Object)'> (0x000000008c68c198) 
thrown [s\src\hotspot\share\interpreter\linkResolver.cpp, line 804]
Event: 0.632 Thread 0x000002ee931c6390 Exception <a 'java/lang/NoSuchMethodError'{0x000000008ca99f08}: 'void java.lang.invoke.DirectMethodHandle$Holder.invokeVirtual(java.lang.Object, java.lang.Object)'> (0x000000008ca99f08) 
thrown [s\src\hotspot\share\interpreter\linkResolver.cpp, line 804]
Event: 0.664 Thread 0x000002eeeb48da80 Exception <a 'java/lang/NoSuchMethodError'{0x000000008c401118}: 'void java.lang.invoke.DirectMethodHandle$Holder.invokeStaticInit(java.lang.Object)'> (0x000000008c401118) 
thrown [s\src\hotspot\share\interpreter\linkResolver.cpp, line 804]
Event: 0.685 Thread 0x000002eeeb48da80 Exception <a 'java/lang/NoSuchMethodError'{0x000000008c435de0}: 'long java.lang.invoke.DirectMethodHandle$Holder.invokeStaticInit(java.lang.Object, long, long, long, long)'> (0x000000008c435de0) 
thrown [s\src\hotspot\share\interpreter\linkResolver.cpp, line 804]
Event: 0.686 Thread 0x000002eeeb48da80 Exception <a 'java/lang/NoSuchMethodError'{0x000000008c43e840}: 'java.lang.Object java.lang.invoke.DirectMethodHandle$Holder.invokeInterface(java.lang.Object, java.lang.Object, long, long)'> (0x000000008c43e840) 
thrown [s\src\hotspot\share\interpreter\linkResolver.cpp, line 804]
Event: 0.686 Thread 0x000002eeeb48da80 Exception <a 'java/lang/NoSuchMethodError'{0x000000008c4571e8}: 'void java.lang.invoke.DirectMethodHandle$Holder.invokeStaticInit(java.lang.Object, java.lang.Object, long, java.lang.Object)'> (0x000000008c4571e8) 
thrown [s\src\hotspot\share\interpreter\linkResolver.cpp, line 804]
Event: 0.687 Thread 0x000002eeeb48da80 Exception <a 'java/lang/NoSuchMethodError'{0x000000008c45fe20}: 'long java.lang.invoke.DirectMethodHandle$Holder.invokeStatic(java.lang.Object, long, long)'> (0x000000008c45fe20) 
thrown [s\src\hotspot\share\interpreter\linkResolver.cpp, line 804]
Event: 0.690 Thread 0x000002eeeb48da80 Exception <a 'java/lang/NoSuchMethodError'{0x000000008c4823e0}: 'java.lang.Object java.lang.invoke.DirectMethodHandle$Holder.newInvokeSpecial(java.lang.Object, int, java.lang.Object)'> (0x000000008c4823e0) 
thrown [s\src\hotspot\share\interpreter\linkResolver.cpp, line 804]

VM Operations (14 events):
Event: 0.174 Executing non-safepoint VM operation: HandshakeAllThreads (Deoptimize)
Event: 0.174 Executing non-safepoint VM operation: HandshakeAllThreads (Deoptimize) done
Event: 0.602 Executing non-safepoint VM operation: HandshakeAllThreads (Deoptimize)
Event: 0.602 Executing non-safepoint VM operation: HandshakeAllThreads (Deoptimize) done
Event: 0.865 Executing non-safepoint VM operation: HandshakeAllThreads (Deoptimize)
Event: 0.865 Executing non-safepoint VM operation: HandshakeAllThreads (Deoptimize) done
Event: 0.876 Executing non-safepoint VM operation: HandshakeAllThreads (Deoptimize)
Event: 0.876 Executing non-safepoint VM operation: HandshakeAllThreads (Deoptimize) done
Event: 0.907 Executing non-safepoint VM operation: HandshakeAllThreads (Deoptimize)
Event: 0.907 Executing non-safepoint VM operation: HandshakeAllThreads (Deoptimize) done
Event: 60.228 Executing non-safepoint VM operation: HandshakeAllThreads (HandshakeForDeflation)
Event: 60.230 Executing non-safepoint VM operation: HandshakeAllThreads (HandshakeForDeflation) done
Event: 60.231 Executing non-safepoint VM operation: RendezvousGCThreads
Event: 60.231 Executing non-safepoint VM operation: RendezvousGCThreads done

Memory protections (0 events):
No events

Nmethod flushes (0 events):
No events

Events (18 events):
Event: 0.078 Thread 0x000002eeeb48da80 Thread added: 0x000002eeeb48da80
Event: 0.108 Thread 0x000002eeeb48da80 Thread added: 0x000002eefbadc040
Event: 0.109 Thread 0x000002eeeb48da80 Thread added: 0x000002eefbadcc00
Event: 0.110 Thread 0x000002eeeb48da80 Thread added: 0x000002eefbae59b0
Event: 0.110 Thread 0x000002eeeb48da80 Thread added: 0x000002eefbae6570
Event: 0.110 Thread 0x000002eeeb48da80 Thread added: 0x000002eefbae8ad0
Event: 0.110 Thread 0x000002eeeb48da80 Thread added: 0x000002eefbae97c0
Event: 0.110 Thread 0x000002eeeb48da80 Thread added: 0x000002eefbaf8250
Event: 0.111 Thread 0x000002eeeb48da80 Thread added: 0x000002eefbb06ed0
Event: 0.154 Thread 0x000002eeeb48da80 Thread added: 0x000002ee93099b00
Event: 0.195 Thread 0x000002eeeb48da80 Thread added: 0x000002ee930ff4a0
Event: 0.418 Thread 0x000002eeeb48da80 Thread added: 0x000002ee93408870
Event: 0.420 Thread 0x000002eeeb48da80 Thread added: 0x000002ee93409030
Event: 0.420 Thread 0x000002eeeb48da80 Thread added: 0x000002ee931c6390
Event: 0.605 Thread 0x000002eeeb48da80 Thread added: 0x000002ee939bd2f0
Event: 0.630 Thread 0x000002ee931c6390 Thread added: 0x000002ee939c2bc0
Event: 0.796 Thread 0x000002eeeb48da80 Thread exited: 0x000002eeeb48da80
Event: 0.796 Thread 0x000002eeeb48da80 Thread added: 0x000002eeeb48da80


Dynamic libraries:
0x00007ff6e3310000 - 0x00007ff6e331e000 	C:\Program Files\Apache NetBeans\jdk\bin\java.exe
0x00007ffc88ce0000 - 0x00007ffc88f47000 	C:\WINDOWS\SYSTEM32\ntdll.dll
0x00007ffc87530000 - 0x00007ffc875f9000 	C:\WINDOWS\System32\KERNEL32.DLL
0x00007ffc86070000 - 0x00007ffc8645f000 	C:\WINDOWS\System32\KERNELBASE.dll
0x00007ffc85e60000 - 0x00007ffc85fab000 	C:\WINDOWS\System32\ucrtbase.dll
0x00007ffc650d0000 - 0x00007ffc650e6000 	C:\Program Files\Apache NetBeans\jdk\bin\jli.dll
0x00007ffc73390000 - 0x00007ffc733ae000 	C:\Program Files\Apache NetBeans\jdk\bin\VCRUNTIME140.dll
0x00007ffc87360000 - 0x00007ffc87525000 	C:\WINDOWS\System32\USER32.dll
0x00007ffc85e30000 - 0x00007ffc85e57000 	C:\WINDOWS\System32\win32u.dll
0x00007ffc87330000 - 0x00007ffc8735b000 	C:\WINDOWS\System32\GDI32.dll
0x00007ffc86740000 - 0x00007ffc8686c000 	C:\WINDOWS\System32\gdi32full.dll
0x00007ffc86470000 - 0x00007ffc86513000 	C:\WINDOWS\System32\msvcp_win.dll
0x00007ffc65600000 - 0x00007ffc65893000 	C:\WINDOWS\WinSxS\amd64_microsoft.windows.common-controls_6595b64144ccf1df_6.0.26100.7309_none_3e05feeae336a044\COMCTL32.dll
0x00007ffc879b0000 - 0x00007ffc87a59000 	C:\WINDOWS\System32\msvcrt.dll
0x00007ffc87f90000 - 0x00007ffc87fc1000 	C:\WINDOWS\System32\IMM32.DLL
0x00007ffc75ac0000 - 0x00007ffc75acc000 	C:\Program Files\Apache NetBeans\jdk\bin\vcruntime140_1.dll
0x00007ffc49d00000 - 0x00007ffc49d8d000 	C:\Program Files\Apache NetBeans\jdk\bin\msvcp140.dll
0x00007ffbdff80000 - 0x00007ffbe0ea6000 	C:\Program Files\Apache NetBeans\jdk\bin\server\jvm.dll
0x00007ffc88be0000 - 0x00007ffc88c94000 	C:\WINDOWS\System32\ADVAPI32.dll
0x00007ffc87a60000 - 0x00007ffc87b06000 	C:\WINDOWS\System32\sechost.dll
0x00007ffc87210000 - 0x00007ffc87328000 	C:\WINDOWS\System32\RPCRT4.dll
0x00007ffc88990000 - 0x00007ffc88a04000 	C:\WINDOWS\System32\WS2_32.dll
0x00007ffc7b170000 - 0x00007ffc7b1a5000 	C:\WINDOWS\SYSTEM32\WINMM.dll
0x00007ffc85c90000 - 0x00007ffc85cee000 	C:\WINDOWS\SYSTEM32\POWRPROF.dll
0x00007ffc75730000 - 0x00007ffc7573b000 	C:\WINDOWS\SYSTEM32\VERSION.dll
0x00007ffc85c70000 - 0x00007ffc85c84000 	C:\WINDOWS\SYSTEM32\UMPDC.dll
0x00007ffc84be0000 - 0x00007ffc84bfb000 	C:\WINDOWS\SYSTEM32\kernel.appcore.dll
0x00007ffc6f050000 - 0x00007ffc6f05a000 	C:\Program Files\Apache NetBeans\jdk\bin\jimage.dll
0x00007ffc83420000 - 0x00007ffc83662000 	C:\WINDOWS\SYSTEM32\DBGHELP.DLL
0x00007ffc87b20000 - 0x00007ffc87ea6000 	C:\WINDOWS\System32\combase.dll
0x00007ffc87eb0000 - 0x00007ffc87f86000 	C:\WINDOWS\System32\OLEAUT32.dll
0x00007ffc601e0000 - 0x00007ffc6021c000 	C:\WINDOWS\SYSTEM32\dbgcore.DLL
0x00007ffc86520000 - 0x00007ffc865c5000 	C:\WINDOWS\System32\bcryptPrimitives.dll
0x00007ffc66400000 - 0x00007ffc6641e000 	C:\Program Files\Apache NetBeans\jdk\bin\java.dll
0x00007ffc87680000 - 0x00007ffc87817000 	C:\WINDOWS\System32\ole32.dll
0x00007ffc88100000 - 0x00007ffc88853000 	C:\WINDOWS\System32\SHELL32.dll
0x00007ffc865d0000 - 0x00007ffc8673a000 	C:\WINDOWS\System32\wintypes.dll
0x00007ffc83a30000 - 0x00007ffc8428e000 	C:\WINDOWS\SYSTEM32\windows.storage.dll
0x00007ffc87820000 - 0x00007ffc87915000 	C:\WINDOWS\System32\SHCORE.dll
0x00007ffc87fd0000 - 0x00007ffc88036000 	C:\WINDOWS\System32\shlwapi.dll
0x00007ffc85d50000 - 0x00007ffc85d79000 	C:\WINDOWS\SYSTEM32\profapi.dll
0x00007ffc62930000 - 0x00007ffc62941000 	C:\Program Files\Apache NetBeans\jdk\bin\net.dll
0x00007ffc85150000 - 0x00007ffc851bb000 	C:\WINDOWS\system32\mswsock.dll
0x00007ffc62660000 - 0x00007ffc62676000 	C:\Program Files\Apache NetBeans\jdk\bin\nio.dll
0x00007ffc48270000 - 0x00007ffc483f0000 	C:\Program Files\Apache NetBeans\jdk\bin\awt.dll
0x00007ffc829a0000 - 0x00007ffc82a3f000 	C:\WINDOWS\SYSTEM32\apphelp.dll
0x00007ffc82e50000 - 0x00007ffc82e80000 	C:\WINDOWS\system32\DWMAPI.DLL
0x00007ffc82ba0000 - 0x00007ffc82c4b000 	C:\WINDOWS\system32\uxtheme.dll
0x00007ffc48ab0000 - 0x00007ffc48bc0000 	C:\WINDOWS\system32\opengl32.dll
0x00007ffc62500000 - 0x00007ffc6252d000 	C:\WINDOWS\SYSTEM32\GLU32.dll
0x00007ffc82c80000 - 0x00007ffc82cc4000 	C:\WINDOWS\SYSTEM32\dxcore.dll
0x00007ffc88a70000 - 0x00007ffc88bce000 	C:\WINDOWS\System32\MSCTF.dll
0x00007ffc49390000 - 0x00007ffc49417000 	C:\Program Files\Apache NetBeans\jdk\bin\freetype.dll
0x00007ffc478b0000 - 0x00007ffc4799f000 	C:\Program Files\Apache NetBeans\jdk\bin\fontmanager.dll
0x00007ffc6adb0000 - 0x00007ffc6aef8000 	C:\WINDOWS\SYSTEM32\textinputframework.dll
0x00007ffc640e0000 - 0x00007ffc640f7000 	C:\Program Files\Apache NetBeans\jdk\bin\zip.dll
0x00007ffc825a0000 - 0x00007ffc826c7000 	C:\WINDOWS\SYSTEM32\CoreMessaging.dll
0x00007ffc7d730000 - 0x00007ffc7da12000 	C:\WINDOWS\SYSTEM32\CoreUIComponents.dll
0x00007ffc85430000 - 0x00007ffc8543c000 	C:\WINDOWS\SYSTEM32\CRYPTBASE.DLL

JVMTI agents: none

dbghelp: loaded successfully - version: 4.0.5 - missing functions: none
symbol engine: initialized successfully - sym options: 0x614 - pdb path: .;C:\Program Files\Apache NetBeans\jdk\bin;C:\WINDOWS\SYSTEM32;C:\WINDOWS\WinSxS\amd64_microsoft.windows.common-controls_6595b64144ccf1df_6.0.26100.7309_none_3e05feeae336a044;C:\Program Files\Apache NetBeans\jdk\bin\server

VM Arguments:
jvm_args: -Dfile.encoding=UTF-8 --module-path=D:\ITI\Labs\Course-Java\Lab5\Task1\build\classes 
java_command: task1.Task1
java_class_path (initial): D:\ITI\Labs\Course-Java\Lab5\Task1\build\classes
Launcher Type: SUN_STANDARD

[Global flags]
     intx CICompilerCount                          = 4                                         {product} {ergonomic}
     uint ConcGCThreads                            = 3                                         {product} {ergonomic}
     uint G1ConcRefinementThreads                  = 10                                        {product} {ergonomic}
   size_t G1HeapRegionSize                         = 1048576                                   {product} {ergonomic}
   size_t InitialHeapSize                          = 130023424                                 {product} {ergonomic}
   size_t MarkStackSize                            = 4194304                                   {product} {ergonomic}
   size_t MarkStackSizeMax                         = 536870912                                 {product} {ergonomic}
   size_t MaxHeapSize                              = 2061500416                                {product} {ergonomic}
   size_t MaxNewSize                               = 1236271104                                {product} {ergonomic}
   size_t MinHeapDeltaBytes                        = 1048576                                   {product} {ergonomic}
   size_t MinHeapSize                              = 8388608                                   {product} {ergonomic}
    uintx NonNMethodCodeHeapSize                   = 5832704                                {pd product} {ergonomic}
    uintx NonProfiledCodeHeapSize                  = 122945536                              {pd product} {ergonomic}
    uintx ProfiledCodeHeapSize                     = 122880000                              {pd product} {ergonomic}
    uintx ReservedCodeCacheSize                    = 251658240                              {pd product} {ergonomic}
     bool SegmentedCodeCache                       = true                                      {product} {ergonomic}
   size_t SoftMaxHeapSize                          = 2061500416                             {manageable} {ergonomic}
     bool UseCompressedOops                        = true                           {product lp64_product} {ergonomic}
     bool UseG1GC                                  = true                                      {product} {ergonomic}
     bool UseLargePagesIndividualAllocation        = false                                  {pd product} {ergonomic}

Logging:
Log output configuration:
 #0: stdout all=warning uptime,level,tags foldmultilines=false
 #1: stderr all=off uptime,level,tags foldmultilines=false

Release file:
IMPLEMENTOR="Eclipse Adoptium" 
IMPLEMENTOR_VERSION="Temurin-25.0.1+8" 
JAVA_RUNTIME_VERSION="25.0.1+8-LTS" 
JAVA_VERSION="25.0.1" 
JAVA_VERSION_DATE="2025-10-21" 
LIBC="default" 
MODULES="java.base java.compiler java.datatransfer java.xml java.prefs java.desktop java.instrument java.logging java.management java.security.sasl java.naming java.rmi java.management.rmi java.net.http java.scripting java.security.jgss java.transaction.xa java.sql java.sql.rowset java.xml.crypto java.se java.smartcardio jdk.accessibility jdk.internal.jvmstat jdk.attach jdk.charsets jdk.internal.opt jdk.zipfs jdk.compiler jdk.crypto.cryptoki jdk.crypto.ec jdk.crypto.mscapi jdk.dynalink jdk.internal.ed jdk.editpad jdk.internal.vm.ci jdk.graal.compiler jdk.graal.compiler.management jdk.hotspot.agent jdk.httpserver jdk.incubator.vector jdk.internal.le jdk.internal.md jdk.jartool jdk.javadoc jdk.jcmd jdk.management jdk.management.agent jdk.jconsole jdk.jdeps jdk.jdwp.agent jdk.jdi jdk.jfr jdk.jlink jdk.jpackage jdk.jshell jdk.jsobject jdk.jstatd jdk.localedata jdk.management.jfr jdk.naming.dns jdk.naming.rmi jdk.net jdk.nio.mapmode jdk.sctp jdk.security.auth jdk.security.jgss jdk.unsupported jdk.unsupported.desktop jdk.xml.dom" 
OS_ARCH="x86_64" 
OS_NAME="Windows" 
SOURCE=".:git:61d6a2c1b35e" 
BUILD_SOURCE="git:839fa0b45d809157cffd3dc8515aad262a4a1776"
BUILD_SOURCE_REPO="https://github.com/adoptium/temurin-build.git"
SOURCE_REPO="https://github.com/adoptium/jdk25u.git"
FULL_VERSION="25.0.1+8-LTS"
SEMANTIC_VERSION="25.0.1+8"
BUILD_INFO="OS: Windows Server 2022 Version: 10.0"
JVM_VARIANT="Hotspot"
JVM_VERSION="25.0.1+8-LTS"
IMAGE_TYPE="JDK"

Environment Variables:
PATH=C:\Program Files\Common Files\Oracle\Java\javapath;C:\Program Files (x86)\VMware\VMware Player\bin\;C:\windows\system32;C:\windows;C:\windows\System32\Wbem;C:\windows\System32\WindowsPowerShell\v1.0\;C:\windows\System32\OpenSSH\;C:\Program Files (x86)\NVIDIA Corporation\PhysX\Common;C:\Program Files\NVIDIA Corporation\NVIDIA NvDLISR;C:\Program Files\Git\cmd;C:\Users\mawad\AppData\Local\Android\flutter\bin;C:\WINDOWS\system32;C:\WINDOWS;C:\WINDOWS\System32\Wbem;C:\WINDOWS\System32\WindowsPowerShell\v1.0\;C:\WINDOWS\System32\OpenSSH\;C:\xampp\php;C:\composer;C:\Program Files\dotnet\;C:\Program Files\MySQL\MySQL Server 8.0\bin;C:\Program Files\nodejs\;C:\Program Files\MySQL\MySQL Shell 8.0\bin\;C:\Users\mawad\AppData\Local\Programs\Python\Launcher\;C:\Users\mawad\AppData\Local\Microsoft\WindowsApps;C:\Users\mawad\AppData\Local\Programs\Microsoft VS Code\bin;C:\ProgramData\mawad\GitHubDesktop\bin;C:\Users\mawad\AppData\Roaming\Composer\vendor\bin;C:\Users\mawad\.dotnet\tools;C:\Users\mawad\AppData\Roaming\npm
USERNAME=mawad
OS=Windows_NT
PROCESSOR_IDENTIFIER=Intel64 Family 6 Model 154 Stepping 3, GenuineIntel
TMP=C:\Users\mawad\AppData\Local\Temp
TEMP=C:\Users\mawad\AppData\Local\Temp




Compilation memory statistics disabled.

Periodic native trim disabled

---------------  S Y S T E M  ---------------

OS:
 Windows 11 , 64 bit Build 26100 (10.0.26100.7623)
OS uptime: 9 days 23:52 hours
Hyper-V role detected

CPU: total 12 (initial active 12) (6 cores per cpu, 2 threads per core) family 6 model 154 stepping 3 microcode 0x434, cx8, cmov, fxsr, ht, mmx, 3dnowpref, sse, sse2, sse3, ssse3, sse4.1, sse4.2, popcnt, lzcnt, tsc, tscinvbit, avx, avx2, aes, erms, clmul, bmi1, bmi2, adx, sha, fma, vzeroupper, clflush, clflushopt, clwb, hv, serialize, rdtscp, rdpid, fsrm, gfni, f16c, cet_ibt, cet_ss
Processor Information for the first 12 processors :
  Max Mhz: 2000, Current Mhz: 2000, Mhz Limit: 2000

Memory: 4k page, system-wide physical 7860M (448M free)
TotalPageFile size 32436M (AvailPageFile size 2M)
current process WorkingSet (physical memory assigned to process): 11M, peak: 74M
current process commit charge ("private bytes"): 223M, peak: 228M

vm_info: OpenJDK 64-Bit Server VM (25.0.1+8-LTS) for windows-amd64 JRE (25.0.1+8-LTS), built on 2025-10-21T00:00:00Z with unknown MS VC++:1942

END.
